<?xml version="1.0" encoding="UTF-8"?>
<testsuite name="MinesweeperTest" tests="1" skipped="0" failures="0" errors="0" timestamp="2020-08-16T22:36:23" hostname="WIN10" time="0.427">
  <properties/>
  <testcase name="start" classname="MinesweeperTest" time="0.427"/>
  <system-out><![CDATA[?[1;31m
Start test 1?[0m
How many mines do you want on the field? > 1
.........
.........
.........
.........
.........
.....X...
.........
.........
.........

?[1;31m
Start test 2?[0m
How many mines do you want on the field? > 1
.........
.........
.X.......
.........
.........
.........
.........
.........
.........

?[1;31m
Start test 3?[0m
How many mines do you want on the field? > 2
.........
.........
....X....
.........
.........
.........
.........
.........
.....X...

?[1;31m
Start test 4?[0m
How many mines do you want on the field? > 2
..X.X....
.........
.........
.........
.........
.........
.........
.........
.........

?[1;31m
Start test 5?[0m
How many mines do you want on the field? > 3
.X.......
.........
.........
.........
.........
.........
.........
.XX......
.........

?[1;31m
Start test 6?[0m
How many mines do you want on the field? > 3
.......X.
.........
.........
.........
X........
.........
.........
.........
.......X.

?[1;31m
Start test 7?[0m
How many mines do you want on the field? > 4
.........
X....X...
.........
.X.......
.........
.........
.........
.....X...
.........

?[1;31m
Start test 8?[0m
How many mines do you want on the field? > 4
.........
.X.......
.......X.
.........
........X
.........
X........
.........
.........

?[1;31m
Start test 9?[0m
How many mines do you want on the field? > 5
.........
..X......
.........
..X......
.X......X
X........
.........
.........
.........

?[1;31m
Start test 10?[0m
How many mines do you want on the field? > 5
.........
.X.......
.........
.........
X........
X........
X........
..X......
.........

?[1;31m
Start test 11?[0m
How many mines do you want on the field? > 6
.......X.
X........
...X.....
.........
.......X.
.........
.........
....X....
...X.....

?[1;31m
Start test 12?[0m
How many mines do you want on the field? > 6
.........
...X.....
...X.....
.........
.........
.........
.....XX..
.....X...
.X.......

?[1;31m
Start test 13?[0m
How many mines do you want on the field? > 7
.........
.......X.
...X.....
.........
.......X.
.........
.....X...
.X....XX.
.........

?[1;31m
Start test 14?[0m
How many mines do you want on the field? > 7
.....X.X.
.........
.........
.......X.
.........
X......X.
...XX....
.........
.........

?[1;31m
Start test 15?[0m
How many mines do you want on the field? > 8
X........
.....X.X.
.........
.........
...X.....
.........
..X......
..X...X..
..X......

?[1;31m
Start test 16?[0m
How many mines do you want on the field? > 8
XX.......
..X...X..
...XX....
......X..
.........
.........
.........
.........
......X..

?[1;31m
Start test 17?[0m
How many mines do you want on the field? > 9
...X..X..
.........
.........
....X.X..
.X.......
.XX......
...X..X..
.........
.........

?[1;31m
Start test 18?[0m
How many mines do you want on the field? > 9
X........
.........
X...XX...
.........
.........
........X
.....X..X
X........
.X.......

?[1;31m
Start test 19?[0m
How many mines do you want on the field? > 10
X........
.......X.
.........
....X....
.........
..X......
......X..
.XXX.....
X...X....

?[1;31m
Start test 20?[0m
How many mines do you want on the field? > 10
X........
......X.X
.....XXX.
.........
....X....
....X....
.........
.X..X....
.........

?[1;31m
Start test 21?[0m
How many mines do you want on the field? > 11
X..X.....
....X..X.
.........
...X..X..
.........
.........
......X..
..X..X...
....X...X

?[1;31m
Start test 22?[0m
How many mines do you want on the field? > 11
.X.......
..X......
...X.....
....X..X.
......X..
.........
.X...X..X
.....X...
....X....

?[1;31m
Start test 23?[0m
How many mines do you want on the field? > 12
..XX.....
.X.......
.........
..X......
....X....
.........
XX.X.....
XX.......
....X...X

?[1;31m
Start test 24?[0m
How many mines do you want on the field? > 12
.....X...
.X.X.....
.........
X...X....
......X.X
.X....X..
X.......X
.....X...
.........

?[1;31m
Start test 25?[0m
How many mines do you want on the field? > 13
......X..
.........
.X..X....
........X
XX...X...
XX.......
XX...X...
.X.......
.........

?[1;31m
Start test 26?[0m
How many mines do you want on the field? > 13
........X
..X....X.
.....X...
.........
.XXX....X
....X....
..X......
......X..
..X....X.

?[1;31m
Start test 27?[0m
How many mines do you want on the field? > 14
X....XXXX
...X.X...
.........
.X.......
.X....X..
.........
..X.X....
.........
..X..X...

?[1;31m
Start test 28?[0m
How many mines do you want on the field? > 14
.........
.....X...
.XX.X..X.
X...X....
.........
.X..XX.X.
.......X.
.X.......
......X..

?[1;31m
Start test 29?[0m
How many mines do you want on the field? > 15
.....XX..
X.......X
......XX.
X......X.
..XXX...X
.......X.
.........
.X.......
X........

?[1;31m
Start test 30?[0m
How many mines do you want on the field? > 15
XX.......
X........
.X......X
.........
.X...X...
.......XX
..X......
X.X...X..
.XX......

?[1;31m
Start test 31?[0m
How many mines do you want on the field? > 16
XXX......
XX.....X.
X..X....X
...XX.XX.
X...X....
.........
.........
....X....
.........

?[1;31m
Start test 32?[0m
How many mines do you want on the field? > 16
....X....
...X.....
X.....X.X
.X...X...
...X.....
..X.X..X.
...X....X
...X..X..
..X......

?[1;31m
Start test 33?[0m
How many mines do you want on the field? > 17
.....X.X.
..X..XX..
....X...X
X.....X..
.....X...
X........
X.....X..
X........
.X.X..X..

?[1;31m
Start test 34?[0m
How many mines do you want on the field? > 17
.........
.X.......
XX...X...
...X.XX..
..X.....X
X.X...XX.
....X....
X..X....X
.........

?[1;31m
Start test 35?[0m
How many mines do you want on the field? > 18
.........
X....X...
.X..XX..X
.X......X
.........
X...X....
X......X.
.X.X.XXX.
X........

?[1;31m
Start test 36?[0m
How many mines do you want on the field? > 18
.........
....X....
.X.......
....X....
....XXX.X
..X...X..
.......X.
X...X....
XXX..X.XX

?[1;31m
Start test 37?[0m
How many mines do you want on the field? > 19
.........
....X....
........X
.X.....X.
...XX.XX.
..X..X...
XX...X..X
XXX...X..
.....X...

?[1;31m
Start test 38?[0m
How many mines do you want on the field? > 19
X..XXX...
.XXX.....
...XXX.XX
..X....X.
.......X.
......X..
....X....
X.X......
.........

?[1;31m
Start test 39?[0m
How many mines do you want on the field? > 20
.....XX.X
..X......
.X.......
...X.....
..X..X.XX
.X......X
..X.XX...
...X...X.
.XX....X.

?[1;31m
Start test 40?[0m
How many mines do you want on the field? > 20
.XX.X....
X......X.
..X..X.X.
..X......
...X..XXX
...X....X
X......X.
.......X.
.....X..X

?[1;31m
Start test 41?[0m
How many mines do you want on the field? > 21
..X....X.
..XX.....
....X.X..
..X.X.X.X
XXXXX....
..X..X...
.......X.
...X.....
.X.X.....

?[1;31m
Start test 42?[0m
How many mines do you want on the field? > 21
XX.......
........X
X.X.X.X..
....X...X
..X..XX..
XX..X....
.........
..X...XX.
..X.X...X

?[1;31m
Start test 43?[0m
How many mines do you want on the field? > 22
..X......
.X...X.X.
.X...X...
........X
...X.XX..
X.X......
XXX..X...
.X.XX..X.
...X..X..

?[1;31m
Start test 44?[0m
How many mines do you want on the field? > 22
..X.X....
.XX...X..
X.....X..
X...XX..X
X....X...
.....XX.X
....X..X.
.XXX.....
.......X.

?[1;31m
Start test 45?[0m
How many mines do you want on the field? > 23
XX....X.X
X.X.....X
.......X.
X......X.
..X.X...X
....XX...
...X.X.X.
.X......X
.X.X..X..

?[1;31m
Start test 46?[0m
How many mines do you want on the field? > 23
.X.....XX
X.X......
.....X.X.
X..X.XXX.
X.XX..X..
.......X.
X....X.X.
X........
.....X..X

?[1;31m
Start test 47?[0m
How many mines do you want on the field? > 24
X.XX.....
....XX..X
.X.XXX.X.
X..X.....
.X.XXX...
..X......
..X....X.
..X.X....
.X....X..

?[1;31m
Start test 48?[0m
How many mines do you want on the field? > 24
XX.X..X.X
..X...X..
XXX.....X
..X...X..
X......XX
.........
X......X.
X...X.XXX
....X....

?[1;31m
Start test 49?[0m
How many mines do you want on the field? > 25
X....XX..
.X.XX....
...X...X.
X...X..X.
.X....X..
...X.X...
.X.XX....
X.XXX...X
XX.......

?[1;31m
Start test 50?[0m
How many mines do you want on the field? > 25
...X..X..
X.X....X.
..X......
.XX.XXX.X
.........
....XX..X
.X.X...X.
XXXX....X
.....X..X

?[1;31m
Start test 51?[0m
How many mines do you want on the field? > 26
.X....X.X
XXXX...X.
...X...X.
.X.X..X..
..X...X.X
XX..X....
X........
.X.....X.
XX..X..X.

?[1;31m
Start test 52?[0m
How many mines do you want on the field? > 26
..X...XX.
.....X.XX
.X..XX...
...X.X...
XXX.X....
.XX..X.X.
..X...X..
..X..X...
.XX....X.

?[1;31m
Start test 53?[0m
How many mines do you want on the field? > 27
.......X.
.X.X.XXXX
.......X.
...X...X.
....X....
XX..X.X.X
.X....XX.
X..XXX.X.
X.X....X.

?[1;31m
Start test 54?[0m
How many mines do you want on the field? > 27
.X.X..X..
.........
X.XXX....
XXX.X....
....X.X..
..X......
.XX..X.X.
X.XXXXX..
.XX...X..

?[1;31m
Start test 55?[0m
How many mines do you want on the field? > 28
XXX...X..
XXXXX.X..
....X.X.X
X.X......
XXX...X..
.........
X...X..X.
....X..XX
.XX.....X

?[1;31m
Start test 56?[0m
How many mines do you want on the field? > 28
..XXXXX..
X.....XXX
XX..XXX..
.........
..X.....X
..X.X.X..
..X.XX...
...XX...X
.X.X.X...

?[1;31m
Start test 57?[0m
How many mines do you want on the field? > 29
.XXX.X..X
.....X.X.
..X.X....
.XX..X...
.X.XX....
.XXXX.X..
...XX..X.
.X.X....X
..X..X.X.

?[1;31m
Start test 58?[0m
How many mines do you want on the field? > 29
XX.......
.X......X
X....XX.X
.X.......
X...X...X
XX...XX..
.XX....X.
.XXX.XXXX
...X..XX.

?[1;31m
Start test 59?[0m
How many mines do you want on the field? > 30
XXX......
XX.XX.X..
.......XX
X.XX....X
......X..
.XX...XXX
......X..
X..X.XXX.
X..XX...X

?[1;31m
Start test 60?[0m
How many mines do you want on the field? > 30
.....X..X
....X..XX
.X.......
X...XXX..
.XX..X.X.
XX.XX....
.X.XX.XX.
..X...XX.
XXX.....X

?[1;31m
Start test 61?[0m
How many mines do you want on the field? > 31
....X..X.
X.X...X..
X...XX.X.
..XXXX.X.
..X.XX.X.
X.XX....X
.....XXXX
.....X...
X.X...X.X

?[1;31m
Start test 62?[0m
How many mines do you want on the field? > 31
X.X..XX.X
..XX..XXX
.XXXX..XX
....X....
....XX...
XX..X....
XXX.XXX..
.........
X..X..X..

?[1;31m
Start test 63?[0m
How many mines do you want on the field? > 32
.XXXXX..X
XX.....X.
..XX.X...
...X....X
.X..XX...
.X....X..
X..XXX.XX
.X.XX.X..
X..X...X.

?[1;31m
Start test 64?[0m
How many mines do you want on the field? > 32
XXX.....X
X.......X
X....XX..
X....X..X
.X....X..
.XXXXX..X
X.X....XX
XX..X....
..XX.XXX.

?[1;31m
Start test 65?[0m
How many mines do you want on the field? > 33
X.XX....X
.....X...
.X....XXX
.X..XXX..
.X.X.X..X
.XXX.X...
XX..X.X..
X.X....XX
XXX.....X

?[1;31m
Start test 66?[0m
How many mines do you want on the field? > 33
.....X.X.
.XXX.XX.X
X.XXXXX..
X.X......
XX.X..X.X
.X.XX..X.
.X...X...
X...X.X..
....XX.X.

?[1;31m
Start test 67?[0m
How many mines do you want on the field? > 34
XX..X.XX.
....X.X..
X.XX.X..X
..X..XX..
XXX...X.X
....XX.XX
XX.X..X..
..X...XXX
......X.X

?[1;31m
Start test 68?[0m
How many mines do you want on the field? > 34
.XX..X.XX
X.XXX.XXX
.....X...
...X..XX.
..XXXX...
XXX..X..X
.X...X.X.
X....XX..
X...X.X..

?[1;31m
Start test 69?[0m
How many mines do you want on the field? > 35
X.....XX.
....X..X.
.XXX.XX.X
.X....XXX
.X.XXX...
.XXX..XX.
X.X......
.X....X..
X.XXXXXX.

?[1;31m
Start test 70?[0m
How many mines do you want on the field? > 35
XXX..XXX.
.X.XX.X..
...X...X.
X.X...XXX
X.....X..
.X...XX..
.XXXXX...
.XX.XXX..
....X.XX.

?[1;31m
Start test 71?[0m
How many mines do you want on the field? > 36
XX......X
XXXXXX.X.
X.......X
.XX.XX...
........X
.X..X.XXX
XX...XXX.
.XXXX.X.X
X...X..X.

?[1;31m
Start test 72?[0m
How many mines do you want on the field? > 36
X....X.XX
X..X.X..X
...X.XX..
X.X..XXX.
X.XXXXX..
.X....X.X
X...XX..X
X.X.X..XX
X......X.

?[1;31m
Start test 73?[0m
How many mines do you want on the field? > 37
XX.XX....
XX..XX...
....X.X..
X.X.X...X
...XXX.XX
X..X.XXXX
.....X..X
.X.XXX.XX
X....X.XX

?[1;31m
Start test 74?[0m
How many mines do you want on the field? > 37
XXXXX..XX
...XX....
..XX.X...
.X.XXX..X
.X..XXX.X
.XX...XX.
.XXXX.XX.
X........
....XXX.X

?[1;31m
Start test 75?[0m
How many mines do you want on the field? > 38
XX.X.X.X.
.X.XXXX.X
.XXXX.XXX
..X.X.X..
X.X...XXX
X........
.X....XX.
.X.XX..XX
X.X...X..

?[1;31m
Start test 76?[0m
How many mines do you want on the field? > 38
XXXX.X.X.
.X..X.XXX
.X..X.XXX
XXXXX.X..
XX.X....X
.XXX..X..
X.....X..
XXX.X....
...X.X...

?[1;31m
Start test 77?[0m
How many mines do you want on the field? > 39
XXXX.XXX.
XXX.X..X.
..X.X....
XX....X..
....XX.XX
..XXX.XXX
X....X.X.
X.....X.X
.XXXX.XX.

?[1;31m
Start test 78?[0m
How many mines do you want on the field? > 39
XXX.X....
XXX......
X.XXX....
X..XX.XX.
XX...XX.X
.X..X.X.X
XX.XXX.XX
XX.X....X
X...X..X.

?[1;31m
Start test 79?[0m
How many mines do you want on the field? > 40
X..X.X.X.
....XXXXX
.X.X.XX.X
XX..XXXX.
X...XX...
XX.X...XX
XX..X.XX.
.X.XX..X.
...XX...X

?[1;31m
Start test 80?[0m
How many mines do you want on the field? > 40
XXXXX.XXX
...XX.XX.
X...X...X
.X...X...
.XXXXX.X.
.XXXX..XX
...XXXXX.
X..X..X..
X......XX

?[1;31m
Start test 81?[0m
How many mines do you want on the field? > 41
XX...X.X.
..XXXXX.X
X....XXX.
X....X.X.
X...XXX..
.XXX..X.X
XXX...XX.
X.X.X.XX.
X.X.X.X.X

?[1;31m
Start test 82?[0m
How many mines do you want on the field? > 41
X.X.X.X.X
.X.X...X.
.XXX...XX
..XX...XX
X.X.XXX.X
X...X..X.
X.X....XX
XXXX..X.X
..X.XXX.X

?[1;31m
Start test 83?[0m
How many mines do you want on the field? > 42
XXX..X...
.XX..XXX.
.XXXX..XX
XX..XX..X
XXX...X.X
XXXXX..X.
XX.XX...X
.....X.XX
.....XX.X

?[1;31m
Start test 84?[0m
How many mines do you want on the field? > 42
XX.XXXXXX
XX.X..X.X
.X...X.XX
XX..X....
XX....XX.
XX...XX..
XXXX.X..X
X.X...X..
.XXX...XX

?[1;31m
Start test 85?[0m
How many mines do you want on the field? > 43
...XX...X
X.XX.XXXX
X.....X..
X.X..XX..
X....XX.X
.X.XXX...
..XXXXXX.
.XXXX.X.X
XX.XXXXX.

?[1;31m
Start test 86?[0m
How many mines do you want on the field? > 43
X.XXX.XX.
.....XXXX
X...XXXXX
XX.XX....
.X.XXXX..
XX.X.XX.X
..XXXXX.X
.XX..X.X.
.......XX

?[1;31m
Start test 87?[0m
How many mines do you want on the field? > 44
XXXXX...X
.X..XXX..
X...X.XXX
XXXX.....
.X.XXX..X
X..XX.XXX
.X.X.XX..
.X.X..X.X
XXX..XXX.

?[1;31m
Start test 88?[0m
How many mines do you want on the field? > 44
.XXXXXX.X
X..XX.X..
..X..XXXX
.XX.X.X.X
X..X..XXX
XXX.XX.XX
.XXX..X.X
X.X.X.X..
.XX......

?[1;31m
Start test 89?[0m
How many mines do you want on the field? > 45
XXXX.X.X.
.XXX....X
X.X..X...
X.X.X.XXX
X..XX..XX
...XXX.XX
XXXXXXX..
..X.XXXX.
.X..XXX..

?[1;31m
Start test 90?[0m
How many mines do you want on the field? > 45
XXXX..X.X
.XX..XX..
X...XXX..
.X..XXX..
X.X.XXXX.
.X.XXX..X
XX...XX.X
....XXXXX
X..XXXX.X

?[1;31m
Start test 91?[0m
How many mines do you want on the field? > 46
XXXX.X.XX
.XX..X.X.
..XX...X.
.XX.XX..X
X.X..XXXX
.XX.X..XX
XXX.XX.X.
.XXXX.X.X
...X.X.XX

?[1;31m
Start test 92?[0m
How many mines do you want on the field? > 46
XX.X.X.X.
X...X.XXX
X.XXXXX.X
..X.X..XX
XXXX..X.X
.X.XXX.X.
...XX..XX
XX..XX.XX
X..X...XX

?[1;31m
Start test 93?[0m
How many mines do you want on the field? > 47
X.XXXXXXX
X.X..XX.X
.X.XXXX.X
.XX.X...X
XXX..XXXX
....X..X.
X..X...X.
X..XXX.XX
X.X.X.XXX

?[1;31m
Start test 94?[0m
How many mines do you want on the field? > 47
X.XX.XX.X
X.X.X.X.X
XX..XX..X
X.X.X..X.
.X.X.X.XX
X.XXX.X..
.XX..XXXX
X.XXX.XX.
.X.XX..XX

?[1;31m
Start test 95?[0m
How many mines do you want on the field? > 48
XX.....XX
X...XXX..
X.XX..XXX
.XX.X.X.X
XXXXX..X.
X...XXXXX
XXXXXX.X.
X...XXXX.
X.XX..X.X

?[1;31m
Start test 96?[0m
How many mines do you want on the field? > 48
XXXXXX..X
.XXX.XXX.
..X.X.XX.
XXXX....X
XXXXX..XX
.XX.XXX.X
..X.X..XX
.X...XX..
..XXXXXX.

?[1;31m
Start test 97?[0m
How many mines do you want on the field? > 49
..XX.X.XX
XX.XX.XX.
X.X.X.X.X
XXXX.XXX.
XXX..XX.X
.X...X.XX
XXX.....X
X.XX..XXX
X..XXXXX.

?[1;31m
Start test 98?[0m
How many mines do you want on the field? > 49
XXXXX.XXX
....X.XX.
X..X.XXXX
..X.X..X.
..XXXX..X
XXXX.X.XX
XXX...XXX
XXXX..XX.
XX...X.XX

?[1;31m
Start test 99?[0m
How many mines do you want on the field? > 50
XX.XXXXXX
XXXXX.X.X
.XX..XX.X
XXXX.X...
XX.XX..XX
..XX.XXX.
.XXX..X..
XXXX.XXXX
.X.X.....

?[1;31m
Start test 100?[0m
How many mines do you want on the field? > 50
XX.XXX.XX
XX..X..X.
X.XXXXX..
XX.X..X.X
....XXXXX
.XXX.X..X
..XXXXX.X
XX..XX.XX
XXX.X..XX

]]></system-out>
  <system-err><![CDATA[]]></system-err>
</testsuite>
