<?xml version="1.0" encoding="UTF-8"?>
<testsuite name="MinesweeperTest" tests="1" skipped="0" failures="0" errors="0" timestamp="2020-08-17T16:24:23" hostname="WIN10" time="0.607">
  <properties/>
  <testcase name="start" classname="MinesweeperTest" time="0.607"/>
  <system-out><![CDATA[?[1;31m
Start test 1?[0m
How many mines do you want on the field? > 1
.1X1.....
.111.....
.........
.........
.........
.........
.........
.........
.........

?[1;31m
Start test 2?[0m
How many mines do you want on the field? > 1
.111.....
.1X1.....
.111.....
.........
.........
.........
.........
.........
.........

?[1;31m
Start test 3?[0m
How many mines do you want on the field? > 2
......1X1
......111
.........
.........
...111...
...1X1...
...111...
.........
.........

?[1;31m
Start test 4?[0m
How many mines do you want on the field? > 2
.........
.........
.........
.........
.111.....
.1X1.111.
.111.1X1.
.....111.
.........

?[1;31m
Start test 5?[0m
How many mines do you want on the field? > 3
X11X1....
11111....
.........
.........
.........
.111.....
.1X1.....
.111.....
.........

?[1;31m
Start test 6?[0m
How many mines do you want on the field? > 3
...1X1...
...111...
.........
..111....
..1X1....
..111....
......111
......1X1
......111

?[1;31m
Start test 7?[0m
How many mines do you want on the field? > 4
.........
11.......
X1.......
1211...11
.1X1...1X
.222...11
.1X1.....
.111.....
.........

?[1;31m
Start test 8?[0m
How many mines do you want on the field? > 4
.........
...111...
...1X1.11
...111.1X
...111.11
...1X1...
..1221...
..1X1....
..111....

?[1;31m
Start test 9?[0m
How many mines do you want on the field? > 5
X1....111
11....1X1
111...111
1X211....
112X1....
..222....
..1X1....
..111....
.........

?[1;31m
Start test 10?[0m
How many mines do you want on the field? > 5
1X21111..
12X22X1..
.112X2211
...1111X1
......111
.........
.........
.........
.........

?[1;31m
Start test 11?[0m
How many mines do you want on the field? > 6
..1221...
..1XX1...
112221...
1X1......
111......
.........
...111.11
1111X1.1X
1X1111.11

?[1;31m
Start test 12?[0m
How many mines do you want on the field? > 6
1111X211.
2X2112X21
2X2..23X1
111..1X21
.....111.
.........
.........
.........
.........

?[1;31m
Start test 13?[0m
How many mines do you want on the field? > 7
X211..111
13X2..1X1
.2X2..111
.111.....
....111..
..112X1..
..1X211..
..111111.
.....1X1.

?[1;31m
Start test 14?[0m
How many mines do you want on the field? > 7
...1X1...
...111...
11211..11
1X2X1112X
112111X21
....1221.
....1X1..
.111111..
.1X1.....

?[1;31m
Start test 15?[0m
How many mines do you want on the field? > 8
1X1......
111.111..
...12X321
11.1X3XX1
X1.112221
11111....
..1X1....
.1221....
.1X1.....

?[1;31m
Start test 16?[0m
How many mines do you want on the field? > 8
12X1...11
1X321..1X
223X1..11
2X21211..
X21.1X1..
11..111..
.....111.
.....1X1.
.....111.

?[1;31m
Start test 17?[0m
How many mines do you want on the field? > 9
11...1121
X1.112X2X
11.1X2121
..1232111
..1X3X11X
..12X2111
...111...
...111...
...1X1...

?[1;31m
Start test 18?[0m
How many mines do you want on the field? > 9
.....1121
..1111X2X
..1X11121
..111....
.111.....
23X21....
XX4X1....
3X421....
12X1.....

?[1;31m
Start test 19?[0m
How many mines do you want on the field? > 10
.1X1..111
.111..1X1
...111111
1111X211.
1X1112X1.
111..222.
112111X1.
2X2X11221
X2211.1X1

?[1;31m
Start test 20?[0m
How many mines do you want on the field? > 10
.........
111..111.
1X1..2X2.
111..2X42
..11112XX
..1X21222
..112X21.
....13X31
.....2XX1

?[1;31m
Start test 21?[0m
How many mines do you want on the field? > 11
3X311....
XX4X2.111
444X2.1X1
XX211.111
221......
.111.....
.1X211...
.223X1...
.1X211...

?[1;31m
Start test 22?[0m
How many mines do you want on the field? > 11
12X1.....
X211.....
11.......
11.111111
X212X22X1
12X23X311
.1112X2..
1211222..
X2X11X1..

?[1;31m
Start test 23?[0m
How many mines do you want on the field? > 12
..2X2....
..2X21121
..1111X3X
.....125X
......1XX
11211.24X
1X2X1.1X2
22211.111
X1.......

?[1;31m
Start test 24?[0m
How many mines do you want on the field? > 12
X11X2X1..
11112221.
.....1X21
111..112X
2X1....11
X31..111.
X3...2X2.
X2...2X31
11...12X1

?[1;31m
Start test 25?[0m
How many mines do you want on the field? > 13
...1X3X2.
111224X2.
2X12X311.
X212X2...
11.222...
1111X1...
2X2221...
X33X1.111
12X21.1X1

?[1;31m
Start test 26?[0m
How many mines do you want on the field? > 13
....1XXXX
....124X3
....11211
....1X1..
...13431.
...2XXX21
...2X43X1
...123321
....1XX1.

?[1;31m
Start test 27?[0m
How many mines do you want on the field? > 14
..111....
..1X21122
..12X12XX
...1234XX
..113XX43
..1X3X33X
..112112X
11...1121
X1...1X1.

?[1;31m
Start test 28?[0m
How many mines do you want on the field? > 14
12221....
X2XX2....
233X31...
X112X1...
121211.11
12X11122X
1X211X3X3
111.224X3
....1X22X

?[1;31m
Start test 29?[0m
How many mines do you want on the field? > 15
X2XX2XX1.
12223331.
..113X2..
122X4X3..
X3X23X2..
2X2111211
222...1X1
1X211.111
112X1....

?[1;31m
Start test 30?[0m
How many mines do you want on the field? > 15
XXXX211..
23333X1..
.113X31..
12X4X2111
1X3X212X2
1121113X2
.111.1X21
.1X21211.
.112X1...

?[1;31m
Start test 31?[0m
How many mines do you want on the field? > 16
X1..1X2X2
11.12344X
...2X3XX2
1112X5431
1X113XX1.
11113X31.
.112X2111
12X211.1X
1X21...11

?[1;31m
Start test 32?[0m
How many mines do you want on the field? > 16
1X1...2X3
111.113XX
111.1X344
1X21112XX
23X222332
X23X4XX1.
112XX321.
112221...
1X1......

?[1;31m
Start test 33?[0m
How many mines do you want on the field? > 17
..1XX2121
112332X4X
X11X123XX
222123X42
1X1.2XX2.
11114X41.
...1XX2..
2211221..
XX1......

?[1;31m
Start test 34?[0m
How many mines do you want on the field? > 17
X22X3XX21
23X4X422X
1X23X2.11
122211...
.1X1.....
.12321...
112XX2122
X12XX21XX
111221122

?[1;31m
Start test 35?[0m
How many mines do you want on the field? > 18
X1...1X1.
111111121
..2X2..1X
.13X2..22
13X531.2X
1XXXX1.2X
134432222
.1X34X3X1
.12XXX311

?[1;31m
Start test 36?[0m
How many mines do you want on the field? > 18
12X11X2XX
1X211123X
1221...11
12X1.....
1X21.111.
222123X1.
1X22XX321
123X444X2
.1X3X2XX2

?[1;31m
Start test 37?[0m
How many mines do you want on the field? > 19
11..1X111
X1..1112X
2321..13X
1XX2..1X3
14X3..13X
25X3...2X
XXX432111
234XXX111
..2X4211X

?[1;31m
Start test 38?[0m
How many mines do you want on the field? > 19
2X2..1XX1
2X2..1232
11223222X
111XXX2X2
X11243422
12111X2X1
12X332211
X23XX2221
112X32XX1

?[1;31m
Start test 39?[0m
How many mines do you want on the field? > 20
112X12X2.
3X4223X2.
XXX22X21.
3X32X2111
222111.1X
2X21...11
X3X221111
233X3X22X
1X22X3X21

?[1;31m
Start test 40?[0m
How many mines do you want on the field? > 20
11..1112X
X3224X33X
XX2XXXX21
22224X321
11..1111X
X21.11111
4X311X1..
XXX2221..
X422X1...

?[1;31m
Start test 41?[0m
How many mines do you want on the field? > 21
X21...2X2
2X11234X2
1123XXX21
..1XX632.
1134X3X1.
1X2X22221
1122211X2
1123X324X
1X2XX3X3X

?[1;31m
Start test 42?[0m
How many mines do you want on the field? > 21
X1...1X21
22...12X2
X21...23X
2X1...2X4
2332223XX
1XX3XX332
24X446X31
1X23XXXX1
1112X4321

?[1;31m
Start test 43?[0m
How many mines do you want on the field? > 22
XX4X12X2.
4XX334X3.
2X5X3XX2.
13X55X31.
13XXX2211
2X43322X2
2X2.1X22X
122111111
.1X1.....

?[1;31m
Start test 44?[0m
How many mines do you want on the field? > 22
X2223X211
12XX4X32X
23334X22X
XX22X2111
333X31.11
X23X2112X
13X422X21
24X3X2121
XX2211.1X

?[1;31m
Start test 45?[0m
How many mines do you want on the field? > 23
11.2XXX2X
X113XX332
111X3211X
..1121111
...13X211
.113XX31X
.2X5XX222
14X5X432X
1XX32X2X2

?[1;31m
Start test 46?[0m
How many mines do you want on the field? > 23
X11X1.2X2
11111.3X3
.111.14X3
.1X323XX2
.12XX3X31
111223342
X32223XXX
X3XX3XXX3
12223XX31

?[1;31m
Start test 47?[0m
How many mines do you want on the field? > 24
XXXX1111.
5X5211X1.
XX2..1121
X31.1112X
11..1X12X
...133222
1223XX12X
X4XX4324X
XX33X11XX

?[1;31m
Start test 48?[0m
How many mines do you want on the field? > 24
2X1......
X2211111.
112X43X21
123XXX22X
X4X542222
X6XX213X2
2XX44X5X2
344X3XX31
XX2123X2.

?[1;31m
Start test 49?[0m
How many mines do you want on the field? > 25
XX1.1X1..
332244421
X12XXXXX1
234X43321
2XX431...
3X6XX2111
3XX56X21X
X44XXX211
12X4X31..

?[1;31m
Start test 50?[0m
How many mines do you want on the field? > 25
....13X4X
.1111XXX2
.1X123532
.1111X3X1
222133X21
XX4X2X442
5XX222XXX
XX42135X4
3X21X2XX2

?[1;31m
Start test 51?[0m
How many mines do you want on the field? > 26
XX1.1X22X
X532322X2
XX3XX1122
34X33211X
3X434X222
XX3XXX22X
34445322X
X3XX2X111
X322211..

?[1;31m
Start test 52?[0m
How many mines do you want on the field? > 26
.1X11XX3X
2332223X2
XX3X21222
24X33X21X
24X23X322
XX323X33X
454X212XX
XXX21124X
X421.1X21

?[1;31m
Start test 53?[0m
How many mines do you want on the field? > 27
1X223XX3X
12X4XXX31
.23XX632.
.1X4X3X21
.124332X2
..1XX234X
11223X3XX
3X31224XX
XX3X11X32

?[1;31m
Start test 54?[0m
How many mines do you want on the field? > 27
X4X1.13X2
XX3324XX2
24X3XXX31
13X44431.
1X4X2X332
13X322XXX
.3X4135X4
.3X4X3XX2
.2X32X321

?[1;31m
Start test 55?[0m
How many mines do you want on the field? > 28
222X3X4X2
XX22X3XX2
X32222343
123X313XX
12XX5X5X3
X44X4XX31
X5X334X3.
XX3X12X2.
X3211111.

?[1;31m
Start test 56?[0m
How many mines do you want on the field? > 28
1X3211XXX
23XX1246X
X22211XX2
11..12332
12122X23X
X3X2X4X3X
X3133X232
2323X444X
X2XX3XXXX

?[1;31m
Start test 57?[0m
How many mines do you want on the field? > 29
.2XX2XXXX
.2X334653
23211XXX1
XX1.24531
33312XX1.
1X3X44421
24X4XX3X2
X3X545X6X
122XX3XXX

?[1;31m
Start test 58?[0m
How many mines do you want on the field? > 29
..12X3X1.
124X5X21.
2XXXX431.
X4443XX21
35X3233X2
XXX4X323X
4X54XX13X
3XX34433X
2X4X2XX21

?[1;31m
Start test 59?[0m
How many mines do you want on the field? > 30
X12XX3221
224XX4XX3
1X3X33XXX
23443225X
X2XXX323X
124X5XX32
.13X434X2
.1X44X34X
.12XX3X3X

?[1;31m
Start test 60?[0m
How many mines do you want on the field? > 30
1XX3X12XX
355X323X3
XXX22X432
4X5212XX2
3XX32334X
2X5XX3X53
34X323XXX
XX221235X
2211X11X2

?[1;31m
Start test 61?[0m
How many mines do you want on the field? > 31
1XX22X33X
233X22XX3
X1222124X
221X1125X
X32122XXX
XX322X564
46XX33XXX
XXX6X2343
3XXX211X1

?[1;31m
Start test 62?[0m
How many mines do you want on the field? > 31
1122XXX21
1X3X433X2
335X4123X
XX4X4X23X
X6X5X43X2
XX5XXX311
XX5X5X421
24X322XX2
.2X2.123X

?[1;31m
Start test 63?[0m
How many mines do you want on the field? > 32
XXX43X3X2
X8XXX4X4X
XXXX4X35X
24X3223XX
.22312X32
12X2X2221
1X23332X2
2212XX33X
X1.2XX22X

?[1;31m
Start test 64?[0m
How many mines do you want on the field? > 32
1X2X222X1
2222X4X31
X2234XX31
3X3XX44X2
X5X5X33X3
X6X53X22X
X7X5X4321
XXXX3XX31
24X323XX1

?[1;31m
Start test 65?[0m
How many mines do you want on the field? > 33
X2XXX2221
233333XX2
1X224X6X2
224XXXX43
1X4X7X4XX
334XX4554
XX234XXXX
X411X6X63
X2.12XX3X

?[1;31m
Start test 66?[0m
How many mines do you want on the field? > 33
XXX2X2X21
3X32133X1
221.12X21
X2122X332
24X4X34XX
2XXX22XX4
X7X53344X
XXX3XX4X4
XX323X4XX

?[1;31m
Start test 67?[0m
How many mines do you want on the field? > 34
X4X22X21X
X6X33X433
X7X43X4XX
XXXX434XX
X654XX332
2XX435X2.
24X3X3X31
2X55332X2
2XXXX112X

?[1;31m
Start test 68?[0m
How many mines do you want on the field? > 34
...2X4332
1114XXXXX
X23XXXXX4
12XXX543X
12355X221
X33XX5X31
XX4X5XXX2
24X4X5XX3
.2X32X4X2

?[1;31m
Start test 69?[0m
How many mines do you want on the field? > 35
X1111..2X
233X2125X
X3XX32XXX
3X4X34XX4
X333X5X6X
2X23XX5XX
13X33X5X5
25X4235XX
XXX3X2XX3

?[1;31m
Start test 70?[0m
How many mines do you want on the field? > 35
2XX33XXXX
X6X5XX5XX
X5X7X423X
14XXX4232
24X6X5XX2
XX33XX4X3
4X423222X
2X4X32121
113XX2X1.

?[1;31m
Start test 71?[0m
How many mines do you want on the field? > 36
X2X3XXX3X
344X6X54X
XX4X4XX42
45X235X6X
XX223XXXX
2222XX653
222X33XX3
XX32224XX
X32X11X4X

?[1;31m
Start test 72?[0m
How many mines do you want on the field? > 36
X211112XX
12X33X333
.23XX33X1
23X444X53
XX6X4XXXX
3XXXX4443
24XX6X34X
2X7XX4XXX
2XXX4X34X

?[1;31m
Start test 73?[0m
How many mines do you want on the field? > 37
X34X2.2X3
2XXX413XX
124X5X56X
1244XXXXX
2XXX6XXX4
2X44XXXX4
1123X67XX
..2X4XXX4
..2X33XX2

?[1;31m
Start test 74?[0m
How many mines do you want on the field? > 37
2XXX12XX2
3X5312X6X
X5X3245XX
2XX4XXXXX
124X4446X
223X43X4X
XX23XX5X3
3435XXX3X
X2XXX4221

?[1;31m
Start test 75?[0m
How many mines do you want on the field? > 38
2X21.124X
X4X313XXX
24X4X4XX3
X43X45X53
X4X5XX5XX
X54XX5XXX
XX4X5X66X
23X34XXX4
.112X34XX

?[1;31m
Start test 76?[0m
How many mines do you want on the field? > 38
1222X11X1
3XX322333
XXX43X5XX
XXXX6XXXX
356XXX54X
2XX66X432
2XXXX4XX2
357X5X4X2
XXXX31211

?[1;31m
Start test 77?[0m
How many mines do you want on the field? > 39
23X3X4X4X
XX4X4XX5X
X55X5455X
X4XX4XXX3
25X43XX4X
2XX312332
X4X4334X3
134XXXXXX
.1XXXXX42

?[1;31m
Start test 78?[0m
How many mines do you want on the field? > 39
XXXX22221
47X5X3XX3
XXX33X7XX
X5312XXX4
4X3234XX3
XX4XX34X3
46X5X34X4
XXX522XXX
24XX113XX

?[1;31m
Start test 79?[0m
How many mines do you want on the field? > 40
X4XXX12X2
XX45544X3
333XXXX4X
3X546X55X
XXXX4XX6X
5X534XXXX
XX44X44XX
24XXX325X
.2X422X3X

?[1;31m
Start test 80?[0m
How many mines do you want on the field? > 40
X3XX3X211
13XX544X1
2456XXX42
XXXXXXXX2
36XXXX6X2
X3XXXX411
34446X422
XX5X5X3XX
XXXXX2222

?[1;31m
Start test 81?[0m
How many mines do you want on the field? > 41
X3222XX4X
3XX3X5X7X
X7X535XXX
XXX5XX5XX
X6X5X7X64
X313XXXXX
22136XX53
X33XXX42X
2XX34X211

?[1;31m
Start test 82?[0m
How many mines do you want on the field? > 41
XXXXXX3X2
466554X3X
XXXX5X332
XX8XXX33X
XXXXX32XX
47X633232
XXX4X4X31
4544X5XX2
XX2X3X33X

?[1;31m
Start test 83?[0m
How many mines do you want on the field? > 42
2X422X332
3XXX43XXX
3XXXX445X
X6X64XX42
X7X5X6XX2
XXX6X6XX3
3XX6XX6X3
25XX54XX3
1XXXX223X

?[1;31m
Start test 84?[0m
How many mines do you want on the field? > 42
24XX21X4X
XXXX545XX
246XXXXXX
12XX6556X
2X5X5XX6X
X34X4XXXX
2X3355X6X
334XXX44X
XX3X5X3X2

?[1;31m
Start test 85?[0m
How many mines do you want on the field? > 43
XXX3XX3XX
X5X323X4X
133323442
12XX5XXX2
3X7XXXXX3
XXXXXX65X
X7X654XX3
X5XX3X6X4
13XX32XXX

?[1;31m
Start test 86?[0m
How many mines do you want on the field? > 43
XXXXXXXXX
235XXX6X4
223X7X54X
XX44XX5XX
3XX4X4XX4
25X52235X
X4XX213XX
X4333X5XX
X21X22XXX

?[1;31m
Start test 87?[0m
How many mines do you want on the field? > 44
X5X43XX5X
XXXXX6XXX
466XX5XX3
XXX6X5321
X66XXX432
3XXXXXXXX
X5X54566X
13X22XXX4
.1112XXXX

?[1;31m
Start test 88?[0m
How many mines do you want on the field? > 44
2XX23XXXX
X44X6X8X5
X34XXXXXX
12XX7X6X3
1346XX411
X4XXXX311
XX6X7X33X
5X7XX32XX
XXXXX213X

?[1;31m
Start test 89?[0m
How many mines do you want on the field? > 45
XX4XXXX3X
5XX55X34X
XXXX3224X
XXXX43X3X
4665XX331
XXXX65X21
5XXXXX33X
XXXX523X4
3XXX2.2XX

?[1;31m
Start test 90?[0m
How many mines do you want on the field? > 45
.2XX33X31
14XX5XXX3
X6XXX6XXX
XXX7X5X63
XXXX45X4X
XXX4XX5X2
5X544XX53
XXX3X4XXX
3X4X2224X

?[1;31m
Start test 91?[0m
How many mines do you want on the field? > 46
X23X32232
24XXX4XXX
2XX6XX6XX
3X45X6XX5
X43XX6XXX
XX456XXXX
34XXXXXXX
X33XXX8X4
X2124XXX2

?[1;31m
Start test 92?[0m
How many mines do you want on the field? > 46
XXXXXX22X
36XX545X4
1XX43XXXX
35X34XXX5
XX5X5X7XX
3X4XX3XXX
33334546X
XX44XXX5X
3XXXXX4XX

?[1;31m
Start test 93?[0m
How many mines do you want on the field? > 47
.13X32XXX
13XX6X432
2XXXXX422
4X77XX5XX
XXXXXX6X4
XXX7XXX5X
X64XX55XX
XX5544XXX
XXXXX3X42

?[1;31m
Start test 94?[0m
How many mines do you want on the field? > 47
2323XX322
XXX4XX5XX
X7X56XX6X
XX6XXXXX3
XXXX7XX6X
36XXX4XX4
X3X6556XX
232XXXXXX
X113XX44X

?[1;31m
Start test 95?[0m
How many mines do you want on the field? > 48
24XX12XXX
XXX423X6X
X433X23X3
332X444X3
XX34XXX6X
X7X5XXXXX
XXXX57XXX
46X6XXX8X
XX3XXXXXX

?[1;31m
Start test 96?[0m
How many mines do you want on the field? > 48
XXXXXXXXX
XX7X65X5X
X5XXX3353
X42334XXX
X4112XXXX
XX23X546X
332XX6X6X
X435XXXXX
XXX3XX5XX

?[1;31m
Start test 97?[0m
How many mines do you want on the field? > 49
XX3XXXXXX
45X5XX55X
XX5X6X22X
X5XXX5443
25X7XXXXX
X5XX5XXX3
XX55X5543
5X6XXX4XX
XXXX5XX4X

?[1;31m
Start test 98?[0m
How many mines do you want on the field? > 49
XXXXX23X3
4X7X5X5XX
4XX4X4XXX
XX44X55XX
XX34X5XX5
46X5XX5XX
XXX5XX65X
XX5X5XXX4
X33X33XXX

?[1;31m
Start test 99?[0m
How many mines do you want on the field? > 50
XXXXXXXX1
4XX6XXX42
2X6X7X54X
35XXXX4XX
XXX544X54
XXX43X5XX
XXXX5XX53
5XXX6XXX1
XXX4XX421

?[1;31m
Start test 100?[0m
How many mines do you want on the field? > 50
24XXXXX42
XXX655XXX
47XX5X5X4
XXXXXX43X
XXX7X53X3
XX6XXX55X
4XX6XXXXX
4X7XX45XX
XXXX312X3

]]></system-out>
  <system-err><![CDATA[]]></system-err>
</testsuite>
